<?xml version="1.0" encoding="UTF-8"?>
<coverage generated="1649413781576" clover="3.2.0">
  <project timestamp="1649413781577" name="All files">
    <metrics statements="32" coveredstatements="30" conditionals="22" coveredconditionals="17" methods="5" coveredmethods="5" elements="59" coveredelements="52" complexity="0" loc="32" ncloc="32" packages="1" files="2" classes="2"/>
    <file name="gendiff.js" path="/mnt/f/domains1/learn_js/hexlet/frontend-project-lvl2/src/gendiff.js">
      <metrics statements="26" coveredstatements="24" conditionals="20" coveredconditionals="16" methods="4" coveredmethods="4"/>
      <line num="4" count="1" type="stmt"/>
      <line num="5" count="2" type="stmt"/>
      <line num="6" count="2" type="stmt"/>
      <line num="7" count="2" type="stmt"/>
      <line num="8" count="2" type="stmt"/>
      <line num="9" count="2" type="stmt"/>
      <line num="10" count="8" type="stmt"/>
      <line num="11" count="2" type="stmt"/>
      <line num="16" count="2" type="stmt"/>
      <line num="17" count="2" type="stmt"/>
      <line num="18" count="8" type="stmt"/>
      <line num="20" count="8" type="cond" truecount="1" falsecount="1"/>
      <line num="21" count="0" type="stmt"/>
      <line num="24" count="8" type="cond" truecount="4" falsecount="1"/>
      <line num="25" count="0" type="stmt"/>
      <line num="26" count="8" type="cond" truecount="5" falsecount="0"/>
      <line num="28" count="4" type="stmt"/>
      <line num="29" count="4" type="cond" truecount="4" falsecount="0"/>
      <line num="30" count="2" type="stmt"/>
      <line num="31" count="2" type="cond" truecount="2" falsecount="2"/>
      <line num="32" count="2" type="stmt"/>
      <line num="35" count="8" type="stmt"/>
      <line num="38" count="2" type="stmt"/>
      <line num="46" count="2" type="stmt"/>
      <line num="48" count="2" type="stmt"/>
      <line num="50" count="2" type="stmt"/>
    </file>
    <file name="parsers.js" path="/mnt/f/domains1/learn_js/hexlet/frontend-project-lvl2/src/parsers.js">
      <metrics statements="6" coveredstatements="6" conditionals="2" coveredconditionals="1" methods="1" coveredmethods="1"/>
      <line num="5" count="1" type="stmt"/>
      <line num="6" count="4" type="stmt"/>
      <line num="7" count="4" type="stmt"/>
      <line num="8" count="4" type="stmt"/>
      <line num="9" count="4" type="cond" truecount="1" falsecount="1"/>
      <line num="11" count="4" type="stmt"/>
    </file>
  </project>
</coverage>
