{"/mnt/f/domains1/learn_js/hexlet/frontend-project-lvl2/src/compared_keys.js": {"path":"/mnt/f/domains1/learn_js/hexlet/frontend-project-lvl2/src/compared_keys.js","statementMap":{"0":{"start":{"line":3,"column":17},"end":{"line":18,"column":1}},"1":{"start":{"line":4,"column":18},"end":{"line":4,"column":38}},"2":{"start":{"line":5,"column":17},"end":{"line":5,"column":19}},"3":{"start":{"line":7,"column":2},"end":{"line":13,"column":3}},"4":{"start":{"line":8,"column":4},"end":{"line":12,"column":5}},"5":{"start":{"line":9,"column":6},"end":{"line":9,"column":47}},"6":{"start":{"line":11,"column":6},"end":{"line":11,"column":37}},"7":{"start":{"line":17,"column":2},"end":{"line":17,"column":16}},"8":{"start":{"line":20,"column":21},"end":{"line":53,"column":1}},"9":{"start":{"line":21,"column":20},"end":{"line":21,"column":41}},"10":{"start":{"line":22,"column":21},"end":{"line":22,"column":43}},"11":{"start":{"line":23,"column":15},"end":{"line":23,"column":45}},"12":{"start":{"line":24,"column":19},"end":{"line":24,"column":49}},"13":{"start":{"line":24,"column":44},"end":{"line":24,"column":48}},"14":{"start":{"line":26,"column":18},"end":{"line":50,"column":8}},"15":{"start":{"line":27,"column":4},"end":{"line":47,"column":5}},"16":{"start":{"line":28,"column":6},"end":{"line":28,"column":71}},"17":{"start":{"line":29,"column":11},"end":{"line":47,"column":5}},"18":{"start":{"line":30,"column":6},"end":{"line":30,"column":40}},"19":{"start":{"line":31,"column":11},"end":{"line":47,"column":5}},"20":{"start":{"line":34,"column":23},"end":{"line":34,"column":120}},"21":{"start":{"line":35,"column":23},"end":{"line":35,"column":124}},"22":{"start":{"line":37,"column":6},"end":{"line":37,"column":36}},"23":{"start":{"line":38,"column":6},"end":{"line":38,"column":36}},"24":{"start":{"line":39,"column":11},"end":{"line":47,"column":5}},"25":{"start":{"line":40,"column":22},"end":{"line":40,"column":97}},"26":{"start":{"line":42,"column":6},"end":{"line":42,"column":35}},"27":{"start":{"line":43,"column":11},"end":{"line":47,"column":5}},"28":{"start":{"line":44,"column":22},"end":{"line":44,"column":94}},"29":{"start":{"line":46,"column":6},"end":{"line":46,"column":35}},"30":{"start":{"line":49,"column":4},"end":{"line":49,"column":15}},"31":{"start":{"line":52,"column":2},"end":{"line":52,"column":17}}},"fnMap":{"0":{"name":"(anonymous_0)","decl":{"start":{"line":3,"column":17},"end":{"line":3,"column":18}},"loc":{"start":{"line":3,"column":27},"end":{"line":18,"column":1}},"line":3},"1":{"name":"(anonymous_1)","decl":{"start":{"line":20,"column":21},"end":{"line":20,"column":22}},"loc":{"start":{"line":20,"column":46},"end":{"line":53,"column":1}},"line":20},"2":{"name":"(anonymous_2)","decl":{"start":{"line":24,"column":34},"end":{"line":24,"column":35}},"loc":{"start":{"line":24,"column":44},"end":{"line":24,"column":48}},"line":24},"3":{"name":"(anonymous_3)","decl":{"start":{"line":26,"column":34},"end":{"line":26,"column":35}},"loc":{"start":{"line":26,"column":47},"end":{"line":50,"column":3}},"line":26}},"branchMap":{"0":{"loc":{"start":{"line":8,"column":4},"end":{"line":12,"column":5}},"type":"if","locations":[{"start":{"line":8,"column":4},"end":{"line":12,"column":5}},{"start":{"line":10,"column":11},"end":{"line":12,"column":5}}],"line":8},"1":{"loc":{"start":{"line":27,"column":4},"end":{"line":47,"column":5}},"type":"if","locations":[{"start":{"line":27,"column":4},"end":{"line":47,"column":5}},{"start":{"line":29,"column":11},"end":{"line":47,"column":5}}],"line":27},"2":{"loc":{"start":{"line":27,"column":8},"end":{"line":27,"column":77}},"type":"binary-expr","locations":[{"start":{"line":27,"column":8},"end":{"line":27,"column":40}},{"start":{"line":27,"column":44},"end":{"line":27,"column":77}}],"line":27},"3":{"loc":{"start":{"line":29,"column":11},"end":{"line":47,"column":5}},"type":"if","locations":[{"start":{"line":29,"column":11},"end":{"line":47,"column":5}},{"start":{"line":31,"column":11},"end":{"line":47,"column":5}}],"line":29},"4":{"loc":{"start":{"line":29,"column":15},"end":{"line":29,"column":96}},"type":"binary-expr","locations":[{"start":{"line":29,"column":16},"end":{"line":29,"column":35}},{"start":{"line":29,"column":39},"end":{"line":29,"column":59}},{"start":{"line":29,"column":65},"end":{"line":29,"column":95}}],"line":29},"5":{"loc":{"start":{"line":31,"column":11},"end":{"line":47,"column":5}},"type":"if","locations":[{"start":{"line":31,"column":11},"end":{"line":47,"column":5}},{"start":{"line":39,"column":11},"end":{"line":47,"column":5}}],"line":31},"6":{"loc":{"start":{"line":31,"column":15},"end":{"line":31,"column":96}},"type":"binary-expr","locations":[{"start":{"line":31,"column":16},"end":{"line":31,"column":35}},{"start":{"line":31,"column":39},"end":{"line":31,"column":59}},{"start":{"line":31,"column":65},"end":{"line":31,"column":95}}],"line":31},"7":{"loc":{"start":{"line":34,"column":23},"end":{"line":34,"column":120}},"type":"cond-expr","locations":[{"start":{"line":34,"column":83},"end":{"line":34,"column":105}},{"start":{"line":34,"column":108},"end":{"line":34,"column":120}}],"line":34},"8":{"loc":{"start":{"line":34,"column":23},"end":{"line":34,"column":80}},"type":"binary-expr","locations":[{"start":{"line":34,"column":23},"end":{"line":34,"column":55}},{"start":{"line":34,"column":59},"end":{"line":34,"column":80}}],"line":34},"9":{"loc":{"start":{"line":35,"column":23},"end":{"line":35,"column":124}},"type":"cond-expr","locations":[{"start":{"line":35,"column":85},"end":{"line":35,"column":108}},{"start":{"line":35,"column":111},"end":{"line":35,"column":124}}],"line":35},"10":{"loc":{"start":{"line":35,"column":23},"end":{"line":35,"column":82}},"type":"binary-expr","locations":[{"start":{"line":35,"column":23},"end":{"line":35,"column":56}},{"start":{"line":35,"column":60},"end":{"line":35,"column":82}}],"line":35},"11":{"loc":{"start":{"line":39,"column":11},"end":{"line":47,"column":5}},"type":"if","locations":[{"start":{"line":39,"column":11},"end":{"line":47,"column":5}},{"start":{"line":43,"column":11},"end":{"line":47,"column":5}}],"line":39},"12":{"loc":{"start":{"line":39,"column":15},"end":{"line":39,"column":61}},"type":"binary-expr","locations":[{"start":{"line":39,"column":15},"end":{"line":39,"column":37}},{"start":{"line":39,"column":41},"end":{"line":39,"column":61}}],"line":39},"13":{"loc":{"start":{"line":40,"column":22},"end":{"line":40,"column":97}},"type":"cond-expr","locations":[{"start":{"line":40,"column":58},"end":{"line":40,"column":81}},{"start":{"line":40,"column":84},"end":{"line":40,"column":97}}],"line":40},"14":{"loc":{"start":{"line":43,"column":11},"end":{"line":47,"column":5}},"type":"if","locations":[{"start":{"line":43,"column":11},"end":{"line":47,"column":5}},{"start":{},"end":{}}],"line":43},"15":{"loc":{"start":{"line":43,"column":15},"end":{"line":43,"column":61}},"type":"binary-expr","locations":[{"start":{"line":43,"column":15},"end":{"line":43,"column":34}},{"start":{"line":43,"column":38},"end":{"line":43,"column":61}}],"line":43},"16":{"loc":{"start":{"line":44,"column":22},"end":{"line":44,"column":94}},"type":"cond-expr","locations":[{"start":{"line":44,"column":57},"end":{"line":44,"column":79}},{"start":{"line":44,"column":82},"end":{"line":44,"column":94}}],"line":44}},"s":{"0":1,"1":14,"2":14,"3":14,"4":18,"5":6,"6":12,"7":14,"8":1,"9":10,"10":10,"11":10,"12":10,"13":36,"14":10,"15":36,"16":8,"17":28,"18":6,"19":22,"20":8,"21":8,"22":8,"23":8,"24":14,"25":10,"26":10,"27":4,"28":4,"29":4,"30":36,"31":10},"f":{"0":14,"1":10,"2":36,"3":36},"b":{"0":[6,12],"1":[8,28],"2":[36,12],"3":[6,22],"4":[28,18,14],"5":[8,14],"6":[22,12,8],"7":[2,6],"8":[8,2],"9":[0,8],"10":[8,2],"11":[10,4],"12":[14,10],"13":[4,6],"14":[4,0],"15":[4,4],"16":[2,2]},"_coverageSchema":"1a1c01bbd47fc00a2c39e90264f33305004495a9","hash":"b7887f08f9c36c18b2c3224751bfbede0266f239"}
,"/mnt/f/domains1/learn_js/hexlet/frontend-project-lvl2/src/gendiff.js": {"path":"/mnt/f/domains1/learn_js/hexlet/frontend-project-lvl2/src/gendiff.js","statementMap":{"0":{"start":{"line":5,"column":16},"end":{"line":13,"column":1}},"1":{"start":{"line":6,"column":20},"end":{"line":6,"column":44}},"2":{"start":{"line":7,"column":20},"end":{"line":7,"column":45}},"3":{"start":{"line":8,"column":17},"end":{"line":8,"column":60}},"4":{"start":{"line":10,"column":2},"end":{"line":10,"column":22}},"5":{"start":{"line":12,"column":2},"end":{"line":12,"column":16}}},"fnMap":{"0":{"name":"(anonymous_0)","decl":{"start":{"line":5,"column":16},"end":{"line":5,"column":17}},"loc":{"start":{"line":5,"column":43},"end":{"line":13,"column":1}},"line":5}},"branchMap":{},"s":{"0":1,"1":2,"2":2,"3":2,"4":2,"5":2},"f":{"0":2},"b":{},"_coverageSchema":"1a1c01bbd47fc00a2c39e90264f33305004495a9","hash":"f0897238c64d0e4fe565296f6f05a4a93e5b366a"}
,"/mnt/f/domains1/learn_js/hexlet/frontend-project-lvl2/src/parsers.js": {"path":"/mnt/f/domains1/learn_js/hexlet/frontend-project-lvl2/src/parsers.js","statementMap":{"0":{"start":{"line":5,"column":22},"end":{"line":12,"column":1}},"1":{"start":{"line":6,"column":19},"end":{"line":6,"column":53}},"2":{"start":{"line":7,"column":21},"end":{"line":7,"column":43}},"3":{"start":{"line":8,"column":19},"end":{"line":8,"column":52}},"4":{"start":{"line":9,"column":17},"end":{"line":9,"column":100}},"5":{"start":{"line":11,"column":2},"end":{"line":11,"column":16}}},"fnMap":{"0":{"name":"(anonymous_0)","decl":{"start":{"line":5,"column":22},"end":{"line":5,"column":23}},"loc":{"start":{"line":5,"column":32},"end":{"line":12,"column":1}},"line":5}},"branchMap":{"0":{"loc":{"start":{"line":9,"column":17},"end":{"line":9,"column":100}},"type":"cond-expr","locations":[{"start":{"line":9,"column":41},"end":{"line":9,"column":61}},{"start":{"line":9,"column":64},"end":{"line":9,"column":100}}],"line":9}},"s":{"0":1,"1":4,"2":4,"3":4,"4":4,"5":4},"f":{"0":4},"b":{"0":[0,4]},"_coverageSchema":"1a1c01bbd47fc00a2c39e90264f33305004495a9","hash":"05494fc58de142b85b84e4fba076a7efd0e81de3"}
,"/mnt/f/domains1/learn_js/hexlet/frontend-project-lvl2/src/stylish.js": {"path":"/mnt/f/domains1/learn_js/hexlet/frontend-project-lvl2/src/stylish.js","statementMap":{"0":{"start":{"line":1,"column":16},"end":{"line":23,"column":1}},"1":{"start":{"line":2,"column":15},"end":{"line":20,"column":3}},"2":{"start":{"line":3,"column":19},"end":{"line":3,"column":41}},"3":{"start":{"line":4,"column":27},"end":{"line":4,"column":46}},"4":{"start":{"line":8,"column":4},"end":{"line":19,"column":11}},"5":{"start":{"line":9,"column":33},"end":{"line":9,"column":35}},"6":{"start":{"line":10,"column":19},"end":{"line":10,"column":21}},"7":{"start":{"line":12,"column":6},"end":{"line":16,"column":7}},"8":{"start":{"line":13,"column":8},"end":{"line":13,"column":102}},"9":{"start":{"line":15,"column":8},"end":{"line":15,"column":61}},"10":{"start":{"line":18,"column":6},"end":{"line":18,"column":20}},"11":{"start":{"line":22,"column":2},"end":{"line":22,"column":42}}},"fnMap":{"0":{"name":"(anonymous_0)","decl":{"start":{"line":1,"column":16},"end":{"line":1,"column":17}},"loc":{"start":{"line":1,"column":59},"end":{"line":23,"column":1}},"line":1},"1":{"name":"(anonymous_1)","decl":{"start":{"line":2,"column":15},"end":{"line":2,"column":16}},"loc":{"start":{"line":2,"column":32},"end":{"line":20,"column":3}},"line":2},"2":{"name":"(anonymous_2)","decl":{"start":{"line":8,"column":23},"end":{"line":8,"column":24}},"loc":{"start":{"line":8,"column":36},"end":{"line":19,"column":5}},"line":8}},"branchMap":{"0":{"loc":{"start":{"line":1,"column":23},"end":{"line":1,"column":37}},"type":"default-arg","locations":[{"start":{"line":1,"column":34},"end":{"line":1,"column":37}}],"line":1},"1":{"loc":{"start":{"line":1,"column":39},"end":{"line":1,"column":54}},"type":"default-arg","locations":[{"start":{"line":1,"column":53},"end":{"line":1,"column":54}}],"line":1},"2":{"loc":{"start":{"line":12,"column":6},"end":{"line":16,"column":7}},"type":"if","locations":[{"start":{"line":12,"column":6},"end":{"line":16,"column":7}},{"start":{"line":14,"column":13},"end":{"line":16,"column":7}}],"line":12}},"s":{"0":1,"1":2,"2":24,"3":24,"4":24,"5":62,"6":62,"7":62,"8":22,"9":40,"10":62,"11":2},"f":{"0":2,"1":24,"2":62},"b":{"0":[2],"1":[2],"2":[22,40]},"_coverageSchema":"1a1c01bbd47fc00a2c39e90264f33305004495a9","hash":"bf6d7a6e13f925c3349db2c3313c527ccadd48d1"}
}
