{"/mnt/c/OpenServer/domains/frontend-project-lvl2/src/gendiff.js": {"path":"/mnt/c/OpenServer/domains/frontend-project-lvl2/src/gendiff.js","statementMap":{"0":{"start":{"line":5,"column":21},"end":{"line":11,"column":1}},"1":{"start":{"line":6,"column":19},"end":{"line":6,"column":44}},"2":{"start":{"line":7,"column":19},"end":{"line":7,"column":52}},"3":{"start":{"line":8,"column":18},"end":{"line":8,"column":38}},"4":{"start":{"line":10,"column":2},"end":{"line":10,"column":17}},"5":{"start":{"line":13,"column":16},"end":{"line":41,"column":1}},"6":{"start":{"line":14,"column":19},"end":{"line":14,"column":42}},"7":{"start":{"line":15,"column":20},"end":{"line":15,"column":44}},"8":{"start":{"line":16,"column":20},"end":{"line":16,"column":41}},"9":{"start":{"line":17,"column":21},"end":{"line":17,"column":43}},"10":{"start":{"line":18,"column":15},"end":{"line":18,"column":45}},"11":{"start":{"line":19,"column":19},"end":{"line":19,"column":49}},"12":{"start":{"line":19,"column":44},"end":{"line":19,"column":48}},"13":{"start":{"line":20,"column":15},"end":{"line":20,"column":20}},"14":{"start":{"line":22,"column":23},"end":{"line":36,"column":8}},"15":{"start":{"line":23,"column":17},"end":{"line":23,"column":20}},"16":{"start":{"line":24,"column":4},"end":{"line":33,"column":5}},"17":{"start":{"line":25,"column":6},"end":{"line":25,"column":47}},"18":{"start":{"line":26,"column":11},"end":{"line":33,"column":5}},"19":{"start":{"line":28,"column":6},"end":{"line":28,"column":76}},"20":{"start":{"line":29,"column":11},"end":{"line":33,"column":5}},"21":{"start":{"line":30,"column":6},"end":{"line":30,"column":47}},"22":{"start":{"line":31,"column":11},"end":{"line":33,"column":5}},"23":{"start":{"line":32,"column":6},"end":{"line":32,"column":48}},"24":{"start":{"line":35,"column":4},"end":{"line":35,"column":18}},"25":{"start":{"line":38,"column":2},"end":{"line":38,"column":31}},"26":{"start":{"line":40,"column":2},"end":{"line":40,"column":16}}},"fnMap":{"0":{"name":"(anonymous_0)","decl":{"start":{"line":5,"column":21},"end":{"line":5,"column":22}},"loc":{"start":{"line":5,"column":31},"end":{"line":11,"column":1}},"line":5},"1":{"name":"(anonymous_1)","decl":{"start":{"line":13,"column":16},"end":{"line":13,"column":17}},"loc":{"start":{"line":13,"column":43},"end":{"line":41,"column":1}},"line":13},"2":{"name":"(anonymous_2)","decl":{"start":{"line":19,"column":34},"end":{"line":19,"column":35}},"loc":{"start":{"line":19,"column":44},"end":{"line":19,"column":48}},"line":19},"3":{"name":"(anonymous_3)","decl":{"start":{"line":22,"column":39},"end":{"line":22,"column":40}},"loc":{"start":{"line":22,"column":52},"end":{"line":36,"column":3}},"line":22}},"branchMap":{"0":{"loc":{"start":{"line":24,"column":4},"end":{"line":33,"column":5}},"type":"if","locations":[{"start":{"line":24,"column":4},"end":{"line":33,"column":5}},{"start":{"line":26,"column":11},"end":{"line":33,"column":5}}],"line":24},"1":{"loc":{"start":{"line":24,"column":8},"end":{"line":24,"column":89}},"type":"binary-expr","locations":[{"start":{"line":24,"column":9},"end":{"line":24,"column":28}},{"start":{"line":24,"column":32},"end":{"line":24,"column":52}},{"start":{"line":24,"column":58},"end":{"line":24,"column":88}}],"line":24},"2":{"loc":{"start":{"line":26,"column":11},"end":{"line":33,"column":5}},"type":"if","locations":[{"start":{"line":26,"column":11},"end":{"line":33,"column":5}},{"start":{"line":29,"column":11},"end":{"line":33,"column":5}}],"line":26},"3":{"loc":{"start":{"line":26,"column":15},"end":{"line":27,"column":43}},"type":"binary-expr","locations":[{"start":{"line":26,"column":16},"end":{"line":26,"column":35}},{"start":{"line":26,"column":39},"end":{"line":26,"column":59}},{"start":{"line":27,"column":12},"end":{"line":27,"column":42}}],"line":26},"4":{"loc":{"start":{"line":29,"column":11},"end":{"line":33,"column":5}},"type":"if","locations":[{"start":{"line":29,"column":11},"end":{"line":33,"column":5}},{"start":{"line":31,"column":11},"end":{"line":33,"column":5}}],"line":29},"5":{"loc":{"start":{"line":29,"column":15},"end":{"line":29,"column":61}},"type":"binary-expr","locations":[{"start":{"line":29,"column":15},"end":{"line":29,"column":34}},{"start":{"line":29,"column":38},"end":{"line":29,"column":61}}],"line":29},"6":{"loc":{"start":{"line":31,"column":11},"end":{"line":33,"column":5}},"type":"if","locations":[{"start":{"line":31,"column":11},"end":{"line":33,"column":5}},{"start":{},"end":{}}],"line":31},"7":{"loc":{"start":{"line":31,"column":17},"end":{"line":31,"column":60}},"type":"binary-expr","locations":[{"start":{"line":31,"column":17},"end":{"line":31,"column":36}},{"start":{"line":31,"column":40},"end":{"line":31,"column":60}}],"line":31}},"s":{"0":1,"1":2,"2":2,"3":2,"4":2,"5":1,"6":1,"7":1,"8":1,"9":1,"10":1,"11":1,"12":5,"13":1,"14":1,"15":5,"16":5,"17":1,"18":4,"19":1,"20":3,"21":2,"22":1,"23":1,"24":5,"25":1,"26":1},"f":{"0":2,"1":1,"2":5,"3":5},"b":{"0":[1,4],"1":[5,4,2],"2":[1,3],"3":[4,3,1],"4":[2,1],"5":[3,2],"6":[1,0],"7":[1,0]},"_coverageSchema":"1a1c01bbd47fc00a2c39e90264f33305004495a9","hash":"2c36f26c1c618d7b524549155cc76d5a79494cb9"}
}
