TN:
SF:src/gendiff.js
FN:6,(anonymous_0)
FN:17,(anonymous_1)
FN:23,(anonymous_2)
FNF:3
FNH:3
FNDA:2,(anonymous_0)
FNDA:1,(anonymous_1)
FNDA:5,(anonymous_2)
DA:6,1
DA:7,2
DA:8,2
DA:9,2
DA:10,2
DA:14,2
DA:17,1
DA:18,1
DA:19,1
DA:20,1
DA:21,1
DA:22,1
DA:23,5
DA:24,1
DA:26,1
DA:27,5
DA:28,1
DA:29,4
DA:30,1
DA:31,3
DA:32,2
DA:33,1
DA:34,1
DA:38,1
DA:40,1
DA:43,1
LF:26
LH:26
BRDA:27,0,0,1
BRDA:27,0,1,4
BRDA:27,1,0,5
BRDA:27,1,1,4
BRDA:27,1,2,2
BRDA:29,2,0,1
BRDA:29,2,1,3
BRDA:29,3,0,4
BRDA:29,3,1,3
BRDA:29,3,2,1
BRDA:31,4,0,2
BRDA:31,4,1,1
BRDA:31,5,0,3
BRDA:31,5,1,2
BRDA:33,6,0,1
BRDA:33,6,1,0
BRDA:33,7,0,1
BRDA:33,7,1,0
BRF:18
BRH:16
end_of_record
