TN:
SF:src/gendiff.js
FN:4,(anonymous_0)
FN:10,(anonymous_1)
FN:16,(anonymous_2)
FN:17,(anonymous_3)
FNF:4
FNH:4
FNDA:2,(anonymous_0)
FNDA:8,(anonymous_1)
FNDA:2,(anonymous_2)
FNDA:8,(anonymous_3)
DA:4,1
DA:5,2
DA:6,2
DA:7,2
DA:8,2
DA:9,2
DA:10,8
DA:11,2
DA:16,2
DA:17,2
DA:18,8
DA:20,8
DA:21,0
DA:24,8
DA:25,0
DA:26,8
DA:28,4
DA:29,4
DA:30,2
DA:31,2
DA:32,2
DA:35,8
DA:38,2
DA:46,2
DA:48,2
DA:50,2
LF:26
LH:24
BRDA:20,0,0,0
BRDA:20,0,1,8
BRDA:24,1,0,0
BRDA:24,1,1,8
BRDA:24,2,0,8
BRDA:24,2,1,6
BRDA:24,2,2,4
BRDA:26,3,0,4
BRDA:26,3,1,4
BRDA:26,4,0,8
BRDA:26,4,1,6
BRDA:26,4,2,4
BRDA:29,5,0,2
BRDA:29,5,1,2
BRDA:29,6,0,4
BRDA:29,6,1,2
BRDA:31,7,0,2
BRDA:31,7,1,0
BRDA:31,8,0,2
BRDA:31,8,1,0
BRF:20
BRH:16
end_of_record
TN:
SF:src/parsers.js
FN:5,(anonymous_0)
FNF:1
FNH:1
FNDA:4,(anonymous_0)
DA:5,1
DA:6,4
DA:7,4
DA:8,4
DA:9,4
DA:11,4
LF:6
LH:6
BRDA:9,0,0,0
BRDA:9,0,1,4
BRF:2
BRH:1
end_of_record
